Total number of allocations: 1
Total number of deletions: 0
Total number of allocations: 1
Total number of deletions: 1
Total number of allocations: 1
Total number of deletions: 0
Total number of allocations: 1
Total number of deletions: 1
Total number of allocations: 1
Total number of deletions: 0
Total number of allocations: 1
Total number of deletions: 1
Total number of allocations: 1
Total number of deletions: 0
Total number of allocations: 1
Total number of deletions: 1
Total number of allocations: 1
Total number of deletions: 0
Total number of allocations: 1
Total number of deletions: 0
Total number of allocations: 2
Total number of deletions: 0
Total number of allocations: 3
Total number of deletions: 0
Total number of allocations: 4
Total number of deletions: 0
Total number of allocations: 5
Total number of deletions: 0
Total number of allocations: 5
Total number of deletions: 1
Total number of allocations: 5
Total number of deletions: 0
Total number of allocations: 5
Total number of deletions: 1
Total number of allocations: 4
Total number of deletions: 1
Total number of allocations: 4
Total number of deletions: 0
Total number of allocations: 5
Total number of deletions: 0
Total number of allocations: 1
Total number of deletions: 0
Total number of allocations: 1
Total number of deletions: 1
Total number of allocations: 1
Total number of deletions: 0
Total number of allocations: 1
Total number of deletions: 1
Total number of allocations: 1
Total number of deletions: 0
Total number of allocations: 1
Total number of deletions: 1
Total number of allocations: 1
Total number of deletions: 0
Total number of allocations: 1
Total number of deletions: 1
Total number of allocations: 1
Total number of deletions: 0
Total number of allocations: 1
Total number of deletions: 0
Total number of allocations: 2
Total number of deletions: 0
Total number of allocations: 3
Total number of deletions: 0
Total number of allocations: 4
Total number of deletions: 0
Total number of allocations: 5
Total number of deletions: 0
Total number of allocations: 5
Total number of deletions: 1
Total number of allocations: 5
Total number of deletions: 0
Total number of allocations: 5
Total number of deletions: 1
Total number of allocations: 4
Total number of deletions: 1
Total number of allocations: 4
Total number of deletions: 0
Total number of allocations: 5
Total number of deletions: 0
Total number of allocations: 1
Total number of deletions: 0
Total number of allocations: 1
Total number of deletions: 1
Total number of allocations: 1
Total number of deletions: 0
Total number of allocations: 1
Total number of deletions: 1
Total number of allocations: 1
Total number of deletions: 0
Total number of allocations: 1
Total number of deletions: 1
Total number of allocations: 1
Total number of deletions: 0
Total number of allocations: 1
Total number of deletions: 1
Total number of allocations: 1
Total number of deletions: 0
Total number of allocations: 1
Total number of deletions: 0
Total number of allocations: 2
Total number of deletions: 0
Total number of allocations: 3
Total number of deletions: 0
Total number of allocations: 4
Total number of deletions: 0
Total number of allocations: 5
Total number of deletions: 0
Total number of allocations: 5
Total number of deletions: 1
Total number of allocations: 5
Total number of deletions: 0
Total number of allocations: 5
Total number of deletions: 1
Total number of allocations: 4
Total number of deletions: 1
Total number of allocations: 4
Total number of deletions: 0
Total number of allocations: 5
Total number of deletions: 0
Total number of allocations: 1
Total number of deletions: 0
Total number of allocations: 1
Total number of deletions: 1
Total number of allocations: 1
Total number of deletions: 0
Total number of allocations: 1
Total number of deletions: 1
Total number of allocations: 1
Total number of deletions: 0
Total number of allocations: 1
Total number of deletions: 1
Total number of allocations: 1
Total number of deletions: 0
Total number of allocations: 1
Total number of deletions: 1
Total number of allocations: 1
Total number of deletions: 0
Total number of allocations: 1
Total number of deletions: 0
Total number of allocations: 2
Total number of deletions: 0
Total number of allocations: 3
Total number of deletions: 0
Total number of allocations: 4
Total number of deletions: 0
Total number of allocations: 5
Total number of deletions: 0
Total number of allocations: 5
Total number of deletions: 1
Total number of allocations: 5
Total number of deletions: 0
Total number of allocations: 5
Total number of deletions: 1
Total number of allocations: 4
Total number of deletions: 1
Total number of allocations: 4
Total number of deletions: 0
Total number of allocations: 5
Total number of deletions: 0
Total number memory allocations: 1
Total number memory chunks freed: 0

Total number memory allocations: 1
Total number memory chunks freed: 1

Total number memory allocations: 1
Total number memory chunks freed: 0

Total number memory allocations: 1
Total number memory chunks freed: 1

Total number memory allocations: 1
Total number memory chunks freed: 0

Total number memory allocations: 1
Total number memory chunks freed: 1

Total number memory allocations: 1
Total number memory chunks freed: 0

Total number memory allocations: 1
Total number memory chunks freed: 1

Total number memory allocations: 1
Total number memory chunks freed: 0

Total number memory allocations: 1
Total number memory chunks freed: 0

Total number memory allocations: 2
Total number memory chunks freed: 0

Total number memory allocations: 3
Total number memory chunks freed: 0

Total number memory allocations: 4
Total number memory chunks freed: 0

Total number memory allocations: 5
Total number memory chunks freed: 0

Total number memory allocations: 5
Total number memory chunks freed: 1

Total number memory allocations: 5
Total number memory chunks freed: 0

Total number memory allocations: 5
Total number memory chunks freed: 1

Total number memory allocations: 4
Total number memory chunks freed: 1

Total number memory allocations: 4
Total number memory chunks freed: 0

Total number memory allocations: 5
Total number memory chunks freed: 0

Total number memory allocations: 1
Total number memory chunks freed: 0

Total number memory allocations: 1
Total number memory chunks freed: 1

Total number memory allocations: 1
Total number memory chunks freed: 0

Total number memory allocations: 1
Total number memory chunks freed: 1

Total number memory allocations: 1
Total number memory chunks freed: 0

Total number memory allocations: 1
Total number memory chunks freed: 1

Total number memory allocations: 1
Total number memory chunks freed: 0

Total number memory allocations: 1
Total number memory chunks freed: 1

Total number memory allocations: 1
Total number memory chunks freed: 0

Total number memory allocations: 1
Total number memory chunks freed: 0

Total number memory allocations: 2
Total number memory chunks freed: 0

Total number memory allocations: 3
Total number memory chunks freed: 0

Total number memory allocations: 4
Total number memory chunks freed: 0

Total number memory allocations: 5
Total number memory chunks freed: 0

Total number memory allocations: 5
Total number memory chunks freed: 1

Total number memory allocations: 5
Total number memory chunks freed: 0

Total number memory allocations: 5
Total number memory chunks freed: 1

Total number memory allocations: 4
Total number memory chunks freed: 1

Total number memory allocations: 4
Total number memory chunks freed: 0

Total number memory allocations: 5
Total number memory chunks freed: 0

Total number memory allocations: 1
Total number memory chunks freed: 0

Total number memory allocations: 0
Total number memory chunks freed: 1

Total number memory allocations: 1
Total number memory chunks freed: 0

Total number memory allocations: 0
Total number memory chunks freed: 1

Total number memory allocations: 1
Total number memory chunks freed: 0

Total number memory allocations: 0
Total number memory chunks freed: 1

Total number memory allocations: 1
Total number memory chunks freed: 0

Total number memory allocations: 0
Total number memory chunks freed: 1

Total number memory allocations: 1
Total number memory chunks freed: 0

Total number memory allocations: 0
Total number memory chunks freed: 0

Total number memory allocations: 1
Total number memory chunks freed: 0

Total number memory allocations: 1
Total number memory chunks freed: 0

Total number memory allocations: 1
Total number memory chunks freed: 0

Total number memory allocations: 1
Total number memory chunks freed: 0

Total number memory allocations: 0
Total number memory chunks freed: 1

Total number memory allocations: 1
Total number memory chunks freed: 0

Total number memory allocations: 0
Total number memory chunks freed: 1

Total number memory allocations: 0
Total number memory chunks freed: 1

Total number memory allocations: 1
Total number memory chunks freed: 0

Total number memory allocations: 1
Total number memory chunks freed: 0

Number of memory chunks in mem_list before being freed: 1
Number of memory chunks in still being used: 1
___________________________________________________________Number memory chunks freed: 0
Number of memory chunks in mem_list before being freed: 1
Number of memory chunks in still being used: 0
___________________________________________________________Number memory chunks freed: 1
Number of memory chunks in mem_list before being freed: 1
Number of memory chunks in still being used: 1
___________________________________________________________Number memory chunks freed: 0
Number of memory chunks in mem_list before being freed: 1
Number of memory chunks in still being used: 0
___________________________________________________________Number memory chunks freed: 1
Number of memory chunks in mem_list before being freed: 1
Number of memory chunks in still being used: 1
___________________________________________________________Number memory chunks freed: 0
Number of memory chunks in mem_list before being freed: 1
Number of memory chunks in still being used: 0
___________________________________________________________Number memory chunks freed: 1
Number of memory chunks in mem_list before being freed: 1
Number of memory chunks in still being used: 1
___________________________________________________________Number memory chunks freed: 0
Number of memory chunks in mem_list before being freed: 1
Number of memory chunks in still being used: 0
___________________________________________________________Number memory chunks freed: 1
Number of memory chunks in mem_list before being freed: 1
Number of memory chunks in still being used: 1
___________________________________________________________Number memory chunks freed: 0
Number of memory chunks in mem_list before being freed: 1
Number of memory chunks in still being used: 1
___________________________________________________________Number memory chunks freed: 0
Number of memory chunks in mem_list before being freed: 2
Number of memory chunks in still being used: 2
___________________________________________________________Number memory chunks freed: 0
Number of memory chunks in mem_list before being freed: 3
Number of memory chunks in still being used: 3
___________________________________________________________Number memory chunks freed: 0
Number of memory chunks in mem_list before being freed: 4
Number of memory chunks in still being used: 4
___________________________________________________________Number memory chunks freed: 0
Number of memory chunks in mem_list before being freed: 5
Number of memory chunks in still being used: 5
___________________________________________________________Number memory chunks freed: 0
Number of memory chunks in mem_list before being freed: 5
Number of memory chunks in still being used: 4
___________________________________________________________Number memory chunks freed: 1
Number of memory chunks in mem_list before being freed: 5
Number of memory chunks in still being used: 5
___________________________________________________________Number memory chunks freed: 0
Number of memory chunks in mem_list before being freed: 5
Number of memory chunks in still being used: 4
___________________________________________________________Number memory chunks freed: 1
Number of memory chunks in mem_list before being freed: 4
Number of memory chunks in still being used: 3
___________________________________________________________Number memory chunks freed: 1
Number of memory chunks in mem_list before being freed: 4
Number of memory chunks in still being used: 4
___________________________________________________________Number memory chunks freed: 0
Number of memory chunks in mem_list before being freed: 5
Number of memory chunks in still being used: 5
___________________________________________________________Number memory chunks freed: 0
Number of memory chunks in mem_list before being freed: 1
Number of memory chunks in still being used: 1
___________________________________________________________Number memory chunks freed: 0
Number of memory chunks in mem_list before being freed: 1
Number of memory chunks in still being used: 0
___________________________________________________________Number memory chunks freed: 1
Number of memory chunks in mem_list before being freed: 1
Number of memory chunks in still being used: 1
___________________________________________________________Number memory chunks freed: 0
Number of memory chunks in mem_list before being freed: 1
Number of memory chunks in still being used: 0
___________________________________________________________Number memory chunks freed: 1
Number of memory chunks in mem_list before being freed: 1
Number of memory chunks in still being used: 1
___________________________________________________________Number memory chunks freed: 0
Number of memory chunks in mem_list before being freed: 1
Number of memory chunks in still being used: 0
___________________________________________________________Number memory chunks freed: 1
Number of memory chunks in mem_list before being freed: 1
Number of memory chunks in still being used: 1
___________________________________________________________Number memory chunks freed: 0
Number of memory chunks in mem_list before being freed: 1
Number of memory chunks in still being used: 0
___________________________________________________________Number memory chunks freed: 1
Number of memory chunks in mem_list before being freed: 1
Number of memory chunks in still being used: 1
___________________________________________________________Number memory chunks freed: 0
Number of memory chunks in mem_list before being freed: 1
Number of memory chunks in still being used: 1
___________________________________________________________Number memory chunks freed: 0
Number of memory chunks in mem_list before being freed: 2
Number of memory chunks in still being used: 2
___________________________________________________________Number memory chunks freed: 0
Number of memory chunks in mem_list before being freed: 3
Number of memory chunks in still being used: 3
___________________________________________________________Number memory chunks freed: 0
Number of memory chunks in mem_list before being freed: 4
Number of memory chunks in still being used: 4
___________________________________________________________Number memory chunks freed: 0
Number of memory chunks in mem_list before being freed: 5
Number of memory chunks in still being used: 5
___________________________________________________________Number memory chunks freed: 0
Number of memory chunks in mem_list before being freed: 5
Number of memory chunks in still being used: 4
___________________________________________________________Number memory chunks freed: 1
Number of memory chunks in mem_list before being freed: 5
Number of memory chunks in still being used: 5
___________________________________________________________Number memory chunks freed: 0
Number of memory chunks in mem_list before being freed: 5
Number of memory chunks in still being used: 4
___________________________________________________________Number memory chunks freed: 1
Number of memory chunks in mem_list before being freed: 4
Number of memory chunks in still being used: 3
___________________________________________________________Number memory chunks freed: 1
Number of memory chunks in mem_list before being freed: 4
Number of memory chunks in still being used: 4
___________________________________________________________Number memory chunks freed: 0
Number of memory chunks in mem_list before being freed: 5
Number of memory chunks in still being used: 5
___________________________________________________________Number memory chunks freed: 0
Number of memory chunks in mem_list before being freed: 1
Number of memory chunks in still being used: 1
-------------------------------------------------------------Number memory chunks freed: 0


Number of memory chunks in mem_list before being freed: 1
Number of memory chunks in still being used: 0
-------------------------------------------------------------Number memory chunks freed: 1


Number of memory chunks in mem_list before being freed: 1
Number of memory chunks in still being used: 1
-------------------------------------------------------------Number memory chunks freed: 0


Number of memory chunks in mem_list before being freed: 1
Number of memory chunks in still being used: 0
-------------------------------------------------------------Number memory chunks freed: 1


Number of memory chunks in mem_list before being freed: 1
Number of memory chunks in still being used: 1
-------------------------------------------------------------Number memory chunks freed: 0


Number of memory chunks in mem_list before being freed: 1
Number of memory chunks in still being used: 0
-------------------------------------------------------------Number memory chunks freed: 1


Number of memory chunks in mem_list before being freed: 1
Number of memory chunks in still being used: 1
-------------------------------------------------------------Number memory chunks freed: 0


Number of memory chunks in mem_list before being freed: 1
Number of memory chunks in still being used: 0
-------------------------------------------------------------Number memory chunks freed: 1


Number of memory chunks in mem_list before being freed: 1
Number of memory chunks in still being used: 1
-------------------------------------------------------------Number memory chunks freed: 0


Number of memory chunks in mem_list before being freed: 1
Number of memory chunks in still being used: 1
-------------------------------------------------------------Number memory chunks freed: 0


Number of memory chunks in mem_list before being freed: 2
Number of memory chunks in still being used: 2
-------------------------------------------------------------Number memory chunks freed: 0


Number of memory chunks in mem_list before being freed: 3
Number of memory chunks in still being used: 3
-------------------------------------------------------------Number memory chunks freed: 0


Number of memory chunks in mem_list before being freed: 4
Number of memory chunks in still being used: 4
-------------------------------------------------------------Number memory chunks freed: 0


Number of memory chunks in mem_list before being freed: 5
Number of memory chunks in still being used: 5
-------------------------------------------------------------Number memory chunks freed: 0


Number of memory chunks in mem_list before being freed: 5
Number of memory chunks in still being used: 4
-------------------------------------------------------------Number memory chunks freed: 1


Number of memory chunks in mem_list before being freed: 5
Number of memory chunks in still being used: 5
-------------------------------------------------------------Number memory chunks freed: 0


Number of memory chunks in mem_list before being freed: 5
Number of memory chunks in still being used: 4
-------------------------------------------------------------Number memory chunks freed: 1


Number of memory chunks in mem_list before being freed: 4
Number of memory chunks in still being used: 3
-------------------------------------------------------------Number memory chunks freed: 1


Number of memory chunks in mem_list before being freed: 4
Number of memory chunks in still being used: 4
-------------------------------------------------------------Number memory chunks freed: 0


Number of memory chunks in mem_list before being freed: 5
Number of memory chunks in still being used: 5
-------------------------------------------------------------Number memory chunks freed: 0


Number of memory chunks in mem_list before being freed: 1
Number of memory chunks in still being used: 1
-------------------------------------------------------------
Number memory chunks freed: 0


Number of memory chunks in mem_list before being freed: 1
Number of memory chunks in still being used: 0
-------------------------------------------------------------
Number memory chunks freed: 1


Number of memory chunks in mem_list before being freed: 1
Number of memory chunks in still being used: 1
-------------------------------------------------------------
Number memory chunks freed: 0


Number of memory chunks in mem_list before being freed: 1
Number of memory chunks in still being used: 0
-------------------------------------------------------------
Number memory chunks freed: 1


Number of memory chunks in mem_list before being freed: 1
Number of memory chunks in still being used: 1
-------------------------------------------------------------
Number memory chunks freed: 0


Number of memory chunks in mem_list before being freed: 1
Number of memory chunks in still being used: 0
-------------------------------------------------------------
Number memory chunks freed: 1


Number of memory chunks in mem_list before being freed: 1
Number of memory chunks in still being used: 1
-------------------------------------------------------------
Number memory chunks freed: 0


Number of memory chunks in mem_list before being freed: 1
Number of memory chunks in still being used: 0
-------------------------------------------------------------
Number memory chunks freed: 1


Number of memory chunks in mem_list before being freed: 1
Number of memory chunks in still being used: 1
-------------------------------------------------------------
Number memory chunks freed: 0


Number of memory chunks in mem_list before being freed: 1
Number of memory chunks in still being used: 1
-------------------------------------------------------------
Number memory chunks freed: 0


Number of memory chunks in mem_list before being freed: 2
Number of memory chunks in still being used: 2
-------------------------------------------------------------
Number memory chunks freed: 0


Number of memory chunks in mem_list before being freed: 3
Number of memory chunks in still being used: 3
-------------------------------------------------------------
Number memory chunks freed: 0


Number of memory chunks in mem_list before being freed: 4
Number of memory chunks in still being used: 4
-------------------------------------------------------------
Number memory chunks freed: 0


Number of memory chunks in mem_list before being freed: 5
Number of memory chunks in still being used: 5
-------------------------------------------------------------
Number memory chunks freed: 0


Number of memory chunks in mem_list before being freed: 5
Number of memory chunks in still being used: 4
-------------------------------------------------------------
Number memory chunks freed: 1


Number of memory chunks in mem_list before being freed: 5
Number of memory chunks in still being used: 5
-------------------------------------------------------------
Number memory chunks freed: 0


Number of memory chunks in mem_list before being freed: 5
Number of memory chunks in still being used: 4
-------------------------------------------------------------
Number memory chunks freed: 1


Number of memory chunks in mem_list before being freed: 4
Number of memory chunks in still being used: 3
-------------------------------------------------------------
Number memory chunks freed: 1


Number of memory chunks in mem_list before being freed: 4
Number of memory chunks in still being used: 4
-------------------------------------------------------------
Number memory chunks freed: 0


Number of memory chunks in mem_list before being freed: 5
Number of memory chunks in still being used: 5
-------------------------------------------------------------
Number memory chunks freed: 0


Number of memory chunks in mem_list before being freed: 24
Number of memory chunks in still being used: 21
-------------------------------------------------------------
Number memory chunks freed: 3


Number of memory chunks in mem_list before being freed: 24
Number of memory chunks in still being used: 21
-------------------------------------------------------------
Number memory chunks freed: 3


